+ Rscript -e 'Sys.setenv(BIOCONDUCTOR_USE_CONTAINER_REPOSITORY=FALSE); p <- .libPaths(); p <- c('\''/tmp/built'\'', p); .libPaths(p); if(BiocManager::install('\''cytolib'\'', INSTALL_opts = '\''--build'\'', update = TRUE, quiet = FALSE, force = TRUE, keep_outputs = TRUE) %in% rownames(installed.packages())) q(status = 0) else q(status = 1)'
'getOption("repos")' replaces Bioconductor standard repositories, see
'?repositories' for details

replacement repositories:
    CRAN: https://cloud.r-project.org

Bioconductor version 3.16 (BiocManager 1.30.19), R 4.2.2 Patched (2022-11-10
  r83330)
Installing package(s) 'cytolib'
trying URL 'https://bioconductor.org/packages/3.16/bioc/src/contrib/cytolib_2.10.1.tar.gz'
Content type 'application/x-gzip' length 6046633 bytes (5.8 MB)
==================================================
downloaded 5.8 MB

* installing *source* package ‘cytolib’ ...
** using staged installation
checking for a sed that does not truncate output... /bin/sed
checking for g++... g++
checking whether the C++ compiler works... yes
checking for C++ compiler default output file name... a.out
checking for suffix of executables... 
checking whether we are cross compiling... no
checking for suffix of object files... o
checking whether we are using the GNU C++ compiler... yes
checking whether g++ accepts -g... yes
checking how to run the C++ preprocessor... g++ -E
checking whether we are using the GNU C++ compiler... (cached) yes
checking whether g++ accepts -g... (cached) yes
configure: Parsing cytolib version info ...
configure: CYTOLIB_VERSION=2.10.1
configure: creating ./config.status
config.status: creating inst/include/cytolib/cytolibConfig.h
config.status: creating src/Makevars
** libs
g++ -std=gnu++11 -I"/usr/share/R/include" -DNDEBUG -DROUT -I../inst/include -DBOOST_NO_AUTO_PTR -DBOOST_FILESYSTEM_NO_CXX20_ATOMIC_REF -DBOOST_FILESYSTEM_SINGLE_THREADED  -I'/usr/local/lib/R/site-library/BH/include' -I'/tmp/built/RProtoBufLib/include' -I'/tmp/built/Rhdf5lib/include'    -fpic  -g -O2 -fdebug-prefix-map=/build/r-base-ZLat0n/r-base-4.2.2.20221110=. -fstack-protector-strong -Wformat -Werror=format-security -Wdate-time -D_FORTIFY_SOURCE=2  -c dummy.cpp -o dummy.o
g++ -std=gnu++11 -I"/usr/share/R/include" -DNDEBUG -DROUT -I../inst/include -DBOOST_NO_AUTO_PTR -DBOOST_FILESYSTEM_NO_CXX20_ATOMIC_REF -DBOOST_FILESYSTEM_SINGLE_THREADED  -I'/usr/local/lib/R/site-library/BH/include' -I'/tmp/built/RProtoBufLib/include' -I'/tmp/built/Rhdf5lib/include'    -fpic  -g -O2 -fdebug-prefix-map=/build/r-base-ZLat0n/r-base-4.2.2.20221110=. -fstack-protector-strong -Wformat -Werror=format-security -Wdate-time -D_FORTIFY_SOURCE=2  -c boost/libs/system/src/error_code.cpp -o boost/libs/system/src/error_code.o
g++ -std=gnu++11 -I"/usr/share/R/include" -DNDEBUG -DROUT -I../inst/include -DBOOST_NO_AUTO_PTR -DBOOST_FILESYSTEM_NO_CXX20_ATOMIC_REF -DBOOST_FILESYSTEM_SINGLE_THREADED  -I'/usr/local/lib/R/site-library/BH/include' -I'/tmp/built/RProtoBufLib/include' -I'/tmp/built/Rhdf5lib/include'    -fpic  -g -O2 -fdebug-prefix-map=/build/r-base-ZLat0n/r-base-4.2.2.20221110=. -fstack-protector-strong -Wformat -Werror=format-security -Wdate-time -D_FORTIFY_SOURCE=2  -c boost/libs/filesystem/src/utf8_codecvt_facet.cpp -o boost/libs/filesystem/src/utf8_codecvt_facet.o
g++ -std=gnu++11 -I"/usr/share/R/include" -DNDEBUG -DROUT -I../inst/include -DBOOST_NO_AUTO_PTR -DBOOST_FILESYSTEM_NO_CXX20_ATOMIC_REF -DBOOST_FILESYSTEM_SINGLE_THREADED  -I'/usr/local/lib/R/site-library/BH/include' -I'/tmp/built/RProtoBufLib/include' -I'/tmp/built/Rhdf5lib/include'    -fpic  -g -O2 -fdebug-prefix-map=/build/r-base-ZLat0n/r-base-4.2.2.20221110=. -fstack-protector-strong -Wformat -Werror=format-security -Wdate-time -D_FORTIFY_SOURCE=2  -c boost/libs/filesystem/src/codecvt_error_category.cpp -o boost/libs/filesystem/src/codecvt_error_category.o
boost/libs/filesystem/src/codecvt_error_category.cpp:18:10: fatal error: boost/filesystem/detail/path_traits.hpp: No such file or directory
   18 | #include <boost/filesystem/detail/path_traits.hpp>
      |          ^~~~~~~~~~~~~~~~~~~~~~~~~~~~~~~~~~~~~~~~~
compilation terminated.
make: *** [/usr/lib/R/etc/Makeconf:178: boost/libs/filesystem/src/codecvt_error_category.o] Error 1
ERROR: compilation failed for package ‘cytolib’
* removing ‘/tmp/built/cytolib’

The downloaded source packages are in
	‘/tmp/Rtmpb43lfG/downloaded_packages’
Old packages: 'AnnotationDbi', 'BH', 'BiocFileCache', 'BiocManager',
  'BiocParallel', 'broom', 'bslib', 'cachem', 'class', 'cli', 'codetools',
  'colorspace', 'curl', 'data.table', 'dbplyr', 'DESeq2', 'digest', 'dplyr',
  'DT', 'dtplyr', 'edgeR', 'evaluate', 'fansi', 'fastmap', 'fontawesome',
  'forcats', 'formatR', 'fs', 'future', 'gargle', 'GenomeInfoDb',
  'GenomicAlignments', 'GenomicFeatures', 'GenomicRanges', 'ggplot2',
  'ggrepel', 'gh', 'haven', 'highr', 'htmlwidgets', 'httpuv', 'httr', 'igraph',
  'IRkernel', 'isoband', 'knitr', 'limma', 'listenv', 'locfit', 'lubridate',
  'MASS', 'mgcv', 'nlme', 'openssl', 'parallelly', 'pbapply', 'pbdZMQ',
  'pkgdown', 'progressr', 'purrr', 'ragg', 'Rcpp', 'RcppArmadillo', 'RcppTOML',
  'RCurl', 'readr', 'readxl', 'repr', 'reticulate', 'rlang', 'rmarkdown',
  'roxygen2', 'RSQLite', 'S4Vectors', 'sass', 'scran', 'scuttle', 'shiny',
  'sourcetools', 'sp', 'spatial', 'spatstat.data', 'spatstat.explore',
  'spatstat.geom', 'spatstat.random', 'spatstat.sparse', 'spatstat.utils',
  'statmod', 'stringi', 'survival', 'testthat', 'tibble', 'tidyr', 'tidyverse',
  'timechange', 'tinytex', 'utf8', 'vctrs', 'vroom', 'xfun', 'yaml'
Warning message:
In install.packages(...) :
  installation of package ‘cytolib’ had non-zero exit status

real	0m8.358s
user	0m6.217s
sys	0m0.813s
