+ Rscript -e 'Sys.setenv(BIOCONDUCTOR_USE_CONTAINER_REPOSITORY=FALSE); p <- .libPaths(); p <- c('\''/tmp/built'\'', p); .libPaths(p); if(BiocManager::install('\''Travel'\'', INSTALL_opts = '\''--build'\'', update = TRUE, quiet = FALSE, force = TRUE, keep_outputs = TRUE) %in% rownames(installed.packages())) q(status = 0) else q(status = 1)'
'getOption("repos")' replaces Bioconductor standard repositories, see
'?repositories' for details

replacement repositories:
    CRAN: https://cloud.r-project.org

Bioconductor version 3.16 (BiocManager 1.30.19), R 4.2.2 Patched (2022-11-10
  r83330)
Installing package(s) 'Travel'
trying URL 'https://bioconductor.org/packages/3.16/bioc/src/contrib/Travel_1.6.0.tar.gz'
Content type 'application/x-gzip' length 439285 bytes (428 KB)
==================================================
downloaded 428 KB

* installing *source* package ‘Travel’ ...
** using staged installation
** libs
g++ -std=gnu++11 -I"/usr/share/R/include" -DNDEBUG `pkg-config fuse --cflags` -I'/usr/local/lib/R/site-library/Rcpp/include'    -fpic  -g -O2 -fdebug-prefix-map=/build/r-base-ZLat0n/r-base-4.2.2.20221110=. -fstack-protector-strong -Wformat -Werror=format-security -Wdate-time -D_FORTIFY_SOURCE=2  -c Cpp_interface.cpp -o Cpp_interface.o
Package fuse was not found in the pkg-config search path.
Perhaps you should add the directory containing `fuse.pc'
to the PKG_CONFIG_PATH environment variable
No package 'fuse' found
g++ -std=gnu++11 -I"/usr/share/R/include" -DNDEBUG `pkg-config fuse --cflags` -I'/usr/local/lib/R/site-library/Rcpp/include'    -fpic  -g -O2 -fdebug-prefix-map=/build/r-base-ZLat0n/r-base-4.2.2.20221110=. -fstack-protector-strong -Wformat -Werror=format-security -Wdate-time -D_FORTIFY_SOURCE=2  -c RcppExports.cpp -o RcppExports.o
Package fuse was not found in the pkg-config search path.
Perhaps you should add the directory containing `fuse.pc'
to the PKG_CONFIG_PATH environment variable
No package 'fuse' found
g++ -std=gnu++11 -I"/usr/share/R/include" -DNDEBUG `pkg-config fuse --cflags` -I'/usr/local/lib/R/site-library/Rcpp/include'    -fpic  -g -O2 -fdebug-prefix-map=/build/r-base-ZLat0n/r-base-4.2.2.20221110=. -fstack-protector-strong -Wformat -Werror=format-security -Wdate-time -D_FORTIFY_SOURCE=2  -c altfile_operations.cpp -o altfile_operations.o
Package fuse was not found in the pkg-config search path.
Perhaps you should add the directory containing `fuse.pc'
to the PKG_CONFIG_PATH environment variable
No package 'fuse' found
g++ -std=gnu++11 -I"/usr/share/R/include" -DNDEBUG `pkg-config fuse --cflags` -I'/usr/local/lib/R/site-library/Rcpp/include'    -fpic  -g -O2 -fdebug-prefix-map=/build/r-base-ZLat0n/r-base-4.2.2.20221110=. -fstack-protector-strong -Wformat -Werror=format-security -Wdate-time -D_FORTIFY_SOURCE=2  -c altmmap_operations.cpp -o altmmap_operations.o
Package fuse was not found in the pkg-config search path.
Perhaps you should add the directory containing `fuse.pc'
to the PKG_CONFIG_PATH environment variable
No package 'fuse' found
g++ -std=gnu++11 -I"/usr/share/R/include" -DNDEBUG `pkg-config fuse --cflags` -I'/usr/local/lib/R/site-library/Rcpp/include'    -fpic  -g -O2 -fdebug-prefix-map=/build/r-base-ZLat0n/r-base-4.2.2.20221110=. -fstack-protector-strong -Wformat -Werror=format-security -Wdate-time -D_FORTIFY_SOURCE=2  -c altrep_manager.cpp -o altrep_manager.o
Package fuse was not found in the pkg-config search path.
Perhaps you should add the directory containing `fuse.pc'
to the PKG_CONFIG_PATH environment variable
No package 'fuse' found
g++ -std=gnu++11 -I"/usr/share/R/include" -DNDEBUG `pkg-config fuse --cflags` -I'/usr/local/lib/R/site-library/Rcpp/include'    -fpic  -g -O2 -fdebug-prefix-map=/build/r-base-ZLat0n/r-base-4.2.2.20221110=. -fstack-protector-strong -Wformat -Werror=format-security -Wdate-time -D_FORTIFY_SOURCE=2  -c class_Cache_block.cpp -o class_Cache_block.o
Package fuse was not found in the pkg-config search path.
Perhaps you should add the directory containing `fuse.pc'
to the PKG_CONFIG_PATH environment variable
No package 'fuse' found
g++ -std=gnu++11 -I"/usr/share/R/include" -DNDEBUG `pkg-config fuse --cflags` -I'/usr/local/lib/R/site-library/Rcpp/include'    -fpic  -g -O2 -fdebug-prefix-map=/build/r-base-ZLat0n/r-base-4.2.2.20221110=. -fstack-protector-strong -Wformat -Werror=format-security -Wdate-time -D_FORTIFY_SOURCE=2  -c class_Filesystem_cache_copier.cpp -o class_Filesystem_cache_copier.o
Package fuse was not found in the pkg-config search path.
Perhaps you should add the directory containing `fuse.pc'
to the PKG_CONFIG_PATH environment variable
No package 'fuse' found
g++ -std=gnu++11 -I"/usr/share/R/include" -DNDEBUG `pkg-config fuse --cflags` -I'/usr/local/lib/R/site-library/Rcpp/include'    -fpic  -g -O2 -fdebug-prefix-map=/build/r-base-ZLat0n/r-base-4.2.2.20221110=. -fstack-protector-strong -Wformat -Werror=format-security -Wdate-time -D_FORTIFY_SOURCE=2  -c class_Filesystem_file_data.cpp -o class_Filesystem_file_data.o
Package fuse was not found in the pkg-config search path.
Perhaps you should add the directory containing `fuse.pc'
to the PKG_CONFIG_PATH environment variable
No package 'fuse' found
g++ -std=gnu++11 -I"/usr/share/R/include" -DNDEBUG `pkg-config fuse --cflags` -I'/usr/local/lib/R/site-library/Rcpp/include'    -fpic  -g -O2 -fdebug-prefix-map=/build/r-base-ZLat0n/r-base-4.2.2.20221110=. -fstack-protector-strong -Wformat -Werror=format-security -Wdate-time -D_FORTIFY_SOURCE=2  -c class_Memory_mapped.cpp -o class_Memory_mapped.o
Package fuse was not found in the pkg-config search path.
Perhaps you should add the directory containing `fuse.pc'
to the PKG_CONFIG_PATH environment variable
No package 'fuse' found
g++ -std=gnu++11 -I"/usr/share/R/include" -DNDEBUG `pkg-config fuse --cflags` -I'/usr/local/lib/R/site-library/Rcpp/include'    -fpic  -g -O2 -fdebug-prefix-map=/build/r-base-ZLat0n/r-base-4.2.2.20221110=. -fstack-protector-strong -Wformat -Werror=format-security -Wdate-time -D_FORTIFY_SOURCE=2  -c class_Protect_guard.cpp -o class_Protect_guard.o
Package fuse was not found in the pkg-config search path.
Perhaps you should add the directory containing `fuse.pc'
to the PKG_CONFIG_PATH environment variable
No package 'fuse' found
g++ -std=gnu++11 -I"/usr/share/R/include" -DNDEBUG `pkg-config fuse --cflags` -I'/usr/local/lib/R/site-library/Rcpp/include'    -fpic  -g -O2 -fdebug-prefix-map=/build/r-base-ZLat0n/r-base-4.2.2.20221110=. -fstack-protector-strong -Wformat -Werror=format-security -Wdate-time -D_FORTIFY_SOURCE=2  -c class_Subset_index.cpp -o class_Subset_index.o
Package fuse was not found in the pkg-config search path.
Perhaps you should add the directory containing `fuse.pc'
to the PKG_CONFIG_PATH environment variable
No package 'fuse' found
g++ -std=gnu++11 -I"/usr/share/R/include" -DNDEBUG `pkg-config fuse --cflags` -I'/usr/local/lib/R/site-library/Rcpp/include'    -fpic  -g -O2 -fdebug-prefix-map=/build/r-base-ZLat0n/r-base-4.2.2.20221110=. -fstack-protector-strong -Wformat -Werror=format-security -Wdate-time -D_FORTIFY_SOURCE=2  -c class_Timer.cpp -o class_Timer.o
Package fuse was not found in the pkg-config search path.
Perhaps you should add the directory containing `fuse.pc'
to the PKG_CONFIG_PATH environment variable
No package 'fuse' found
g++ -std=gnu++11 -I"/usr/share/R/include" -DNDEBUG `pkg-config fuse --cflags` -I'/usr/local/lib/R/site-library/Rcpp/include'    -fpic  -g -O2 -fdebug-prefix-map=/build/r-base-ZLat0n/r-base-4.2.2.20221110=. -fstack-protector-strong -Wformat -Werror=format-security -Wdate-time -D_FORTIFY_SOURCE=2  -c class_Unique_buffer.cpp -o class_Unique_buffer.o
Package fuse was not found in the pkg-config search path.
Perhaps you should add the directory containing `fuse.pc'
to the PKG_CONFIG_PATH environment variable
No package 'fuse' found
g++ -std=gnu++11 -I"/usr/share/R/include" -DNDEBUG `pkg-config fuse --cflags` -I'/usr/local/lib/R/site-library/Rcpp/include'    -fpic  -g -O2 -fdebug-prefix-map=/build/r-base-ZLat0n/r-base-4.2.2.20221110=. -fstack-protector-strong -Wformat -Werror=format-security -Wdate-time -D_FORTIFY_SOURCE=2  -c examples.cpp -o examples.o
Package fuse was not found in the pkg-config search path.
Perhaps you should add the directory containing `fuse.pc'
to the PKG_CONFIG_PATH environment variable
No package 'fuse' found
g++ -std=gnu++11 -I"/usr/share/R/include" -DNDEBUG `pkg-config fuse --cflags` -I'/usr/local/lib/R/site-library/Rcpp/include'    -fpic  -g -O2 -fdebug-prefix-map=/build/r-base-ZLat0n/r-base-4.2.2.20221110=. -fstack-protector-strong -Wformat -Werror=format-security -Wdate-time -D_FORTIFY_SOURCE=2  -c filesystem_manager.cpp -o filesystem_manager.o
Package fuse was not found in the pkg-config search path.
Perhaps you should add the directory containing `fuse.pc'
to the PKG_CONFIG_PATH environment variable
No package 'fuse' found
g++ -std=gnu++11 -I"/usr/share/R/include" -DNDEBUG `pkg-config fuse --cflags` -I'/usr/local/lib/R/site-library/Rcpp/include'    -fpic  -g -O2 -fdebug-prefix-map=/build/r-base-ZLat0n/r-base-4.2.2.20221110=. -fstack-protector-strong -Wformat -Werror=format-security -Wdate-time -D_FORTIFY_SOURCE=2  -c filesystem_operations_dokan.cpp -o filesystem_operations_dokan.o
Package fuse was not found in the pkg-config search path.
Perhaps you should add the directory containing `fuse.pc'
to the PKG_CONFIG_PATH environment variable
No package 'fuse' found
g++ -std=gnu++11 -I"/usr/share/R/include" -DNDEBUG `pkg-config fuse --cflags` -I'/usr/local/lib/R/site-library/Rcpp/include'    -fpic  -g -O2 -fdebug-prefix-map=/build/r-base-ZLat0n/r-base-4.2.2.20221110=. -fstack-protector-strong -Wformat -Werror=format-security -Wdate-time -D_FORTIFY_SOURCE=2  -c filesystem_operations_fuse.cpp -o filesystem_operations_fuse.o
Package fuse was not found in the pkg-config search path.
Perhaps you should add the directory containing `fuse.pc'
to the PKG_CONFIG_PATH environment variable
No package 'fuse' found
filesystem_operations_fuse.cpp:4:10: fatal error: fuse_lowlevel.h: No such file or directory
    4 | #include <fuse_lowlevel.h>
      |          ^~~~~~~~~~~~~~~~~
compilation terminated.
make: *** [/usr/lib/R/etc/Makeconf:178: filesystem_operations_fuse.o] Error 1
ERROR: compilation failed for package ‘Travel’
* removing ‘/tmp/built/Travel’

The downloaded source packages are in
	‘/tmp/RtmpJYGkG0/downloaded_packages’
Old packages: 'AnnotationDbi', 'BH', 'BiocFileCache', 'BiocManager',
  'BiocParallel', 'broom', 'bslib', 'cachem', 'class', 'cli', 'codetools',
  'colorspace', 'curl', 'data.table', 'dbplyr', 'DESeq2', 'digest', 'dplyr',
  'DT', 'dtplyr', 'edgeR', 'evaluate', 'fansi', 'fastmap', 'fontawesome',
  'forcats', 'formatR', 'fs', 'future', 'gargle', 'GenomeInfoDb',
  'GenomicAlignments', 'GenomicFeatures', 'GenomicRanges', 'ggplot2',
  'ggrepel', 'gh', 'haven', 'highr', 'htmlwidgets', 'httpuv', 'httr', 'igraph',
  'IRkernel', 'isoband', 'knitr', 'limma', 'listenv', 'locfit', 'lubridate',
  'MASS', 'mgcv', 'nlme', 'openssl', 'parallelly', 'pbapply', 'pbdZMQ',
  'pkgdown', 'progressr', 'purrr', 'ragg', 'Rcpp', 'RcppArmadillo', 'RcppTOML',
  'RCurl', 'readr', 'readxl', 'repr', 'reticulate', 'rlang', 'rmarkdown',
  'roxygen2', 'RSQLite', 'S4Vectors', 'sass', 'scran', 'scuttle', 'shiny',
  'sourcetools', 'sp', 'spatial', 'spatstat.data', 'spatstat.explore',
  'spatstat.geom', 'spatstat.random', 'spatstat.sparse', 'spatstat.utils',
  'statmod', 'stringi', 'survival', 'testthat', 'tibble', 'tidyr', 'tidyverse',
  'timechange', 'tinytex', 'utf8', 'vctrs', 'vroom', 'xfun', 'yaml'
Warning message:
In install.packages(...) :
  installation of package ‘Travel’ had non-zero exit status

real	0m48.587s
user	0m44.078s
sys	0m2.907s
